2026-02-20 13:33:37,792+0000 INFO  [quartz-12-thread-13]  *TASK org.sonatype.nexus.repository.content.tasks.normalize.NormalizeComponentVersionTask - Task information:
2026-02-20 13:33:37,793+0000 INFO  [quartz-12-thread-13]  *TASK org.sonatype.nexus.repository.content.tasks.normalize.NormalizeComponentVersionTask -  ID: 270b301a-072e-4a7c-ae9b-805afd2ec9d1
2026-02-20 13:33:37,794+0000 INFO  [quartz-12-thread-13]  *TASK org.sonatype.nexus.repository.content.tasks.normalize.NormalizeComponentVersionTask -  Type: component.normalize.version
2026-02-20 13:33:37,794+0000 INFO  [quartz-12-thread-13]  *TASK org.sonatype.nexus.repository.content.tasks.normalize.NormalizeComponentVersionTask -  Name: Repair - Normalize component versions for retain-n
2026-02-20 13:33:37,794+0000 INFO  [quartz-12-thread-13]  *TASK org.sonatype.nexus.repository.content.tasks.normalize.NormalizeComponentVersionTask -  Description: populate normalized_version column on {format}_component tables
2026-02-20 13:33:37,794+0000 INFO  [quartz-12-thread-13]  *TASK org.sonatype.nexus.repository.content.tasks.normalize.NormalizeComponentVersionTask - Task configuration: {.updated=2026-02-20T13:33:37.784Z, .name=Repair - Normalize component versions for retain-n, .recoverable=false, .message=populate normalized_version column on {format}_component tables, .id=270b301a-072e-4a7c-ae9b-805afd2ec9d1, .typeName=Repair - Normalize component versions for retain-n, .visible=false, .typeId=component.normalize.version, .exposed=false, .created=2026-02-20T13:33:37.784Z}
2026-02-20 13:33:37,795+0000 INFO  [quartz-12-thread-13]  *TASK org.sonatype.nexus.repository.content.tasks.normalize.NormalizeComponentVersionTask - normalizing cocoapods components version
2026-02-20 13:33:37,798+0000 INFO  [quartz-12-thread-13]  *TASK org.sonatype.nexus.repository.content.tasks.normalize.NormalizeComponentVersionTask - found 0 unnormalized records on cocoapods components
2026-02-20 13:33:37,799+0000 INFO  [quartz-12-thread-13]  *TASK org.sonatype.nexus.repository.content.tasks.normalize.NormalizeComponentVersionTask - normalizing p2 components version
2026-02-20 13:33:37,801+0000 INFO  [quartz-12-thread-13]  *TASK org.sonatype.nexus.repository.content.tasks.normalize.NormalizeComponentVersionTask - found 0 unnormalized records on p2 components
2026-02-20 13:33:37,801+0000 INFO  [quartz-12-thread-13]  *TASK org.sonatype.nexus.repository.content.tasks.normalize.NormalizeComponentVersionTask - normalizing apt components version
2026-02-20 13:33:37,802+0000 INFO  [quartz-12-thread-13]  *TASK org.sonatype.nexus.repository.content.tasks.normalize.NormalizeComponentVersionTask - found 0 unnormalized records on apt components
2026-02-20 13:33:37,803+0000 INFO  [quartz-12-thread-13]  *TASK org.sonatype.nexus.repository.content.tasks.normalize.NormalizeComponentVersionTask - normalizing gitlfs components version
2026-02-20 13:33:37,804+0000 INFO  [quartz-12-thread-13]  *TASK org.sonatype.nexus.repository.content.tasks.normalize.NormalizeComponentVersionTask - found 0 unnormalized records on gitlfs components
2026-02-20 13:33:37,805+0000 INFO  [quartz-12-thread-13]  *TASK org.sonatype.nexus.repository.content.tasks.normalize.NormalizeComponentVersionTask - normalizing composer components version
2026-02-20 13:33:37,806+0000 INFO  [quartz-12-thread-13]  *TASK org.sonatype.nexus.repository.content.tasks.normalize.NormalizeComponentVersionTask - found 0 unnormalized records on composer components
2026-02-20 13:33:37,807+0000 INFO  [quartz-12-thread-13]  *TASK org.sonatype.nexus.repository.content.tasks.normalize.NormalizeComponentVersionTask - normalizing conan components version
2026-02-20 13:33:37,808+0000 INFO  [quartz-12-thread-13]  *TASK org.sonatype.nexus.repository.content.tasks.normalize.NormalizeComponentVersionTask - found 0 unnormalized records on conan components
2026-02-20 13:33:37,808+0000 INFO  [quartz-12-thread-13]  *TASK org.sonatype.nexus.repository.content.tasks.normalize.NormalizeComponentVersionTask - normalizing go components version
2026-02-20 13:33:37,810+0000 INFO  [quartz-12-thread-13]  *TASK org.sonatype.nexus.repository.content.tasks.normalize.NormalizeComponentVersionTask - found 0 unnormalized records on go components
2026-02-20 13:33:37,810+0000 INFO  [quartz-12-thread-13]  *TASK org.sonatype.nexus.repository.content.tasks.normalize.NormalizeComponentVersionTask - normalizing maven2 components version
2026-02-20 13:33:37,811+0000 INFO  [quartz-12-thread-13]  *TASK org.sonatype.nexus.repository.content.tasks.normalize.NormalizeComponentVersionTask - found 0 unnormalized records on maven2 components
2026-02-20 13:33:37,811+0000 INFO  [quartz-12-thread-13]  *TASK org.sonatype.nexus.repository.content.tasks.normalize.NormalizeComponentVersionTask - normalizing raw components version
2026-02-20 13:33:37,813+0000 INFO  [quartz-12-thread-13]  *TASK org.sonatype.nexus.repository.content.tasks.normalize.NormalizeComponentVersionTask - found 0 unnormalized records on raw components
2026-02-20 13:33:37,813+0000 INFO  [quartz-12-thread-13]  *TASK org.sonatype.nexus.repository.content.tasks.normalize.NormalizeComponentVersionTask - normalizing npm components version
2026-02-20 13:33:37,815+0000 INFO  [quartz-12-thread-13]  *TASK org.sonatype.nexus.repository.content.tasks.normalize.NormalizeComponentVersionTask - found 0 unnormalized records on npm components
2026-02-20 13:33:37,815+0000 INFO  [quartz-12-thread-13]  *TASK org.sonatype.nexus.repository.content.tasks.normalize.NormalizeComponentVersionTask - normalizing huggingface components version
2026-02-20 13:33:37,816+0000 INFO  [quartz-12-thread-13]  *TASK org.sonatype.nexus.repository.content.tasks.normalize.NormalizeComponentVersionTask - found 0 unnormalized records on huggingface components
2026-02-20 13:33:37,816+0000 INFO  [quartz-12-thread-13]  *TASK org.sonatype.nexus.repository.content.tasks.normalize.NormalizeComponentVersionTask - normalizing nuget components version
2026-02-20 13:33:37,817+0000 INFO  [quartz-12-thread-13]  *TASK org.sonatype.nexus.repository.content.tasks.normalize.NormalizeComponentVersionTask - found 0 unnormalized records on nuget components
2026-02-20 13:33:37,818+0000 INFO  [quartz-12-thread-13]  *TASK org.sonatype.nexus.repository.content.tasks.normalize.NormalizeComponentVersionTask - normalizing rubygems components version
2026-02-20 13:33:37,818+0000 INFO  [quartz-12-thread-13]  *TASK org.sonatype.nexus.repository.content.tasks.normalize.NormalizeComponentVersionTask - found 0 unnormalized records on rubygems components
2026-02-20 13:33:37,819+0000 INFO  [quartz-12-thread-13]  *TASK org.sonatype.nexus.repository.content.tasks.normalize.NormalizeComponentVersionTask - normalizing helm components version
2026-02-20 13:33:37,820+0000 INFO  [quartz-12-thread-13]  *TASK org.sonatype.nexus.repository.content.tasks.normalize.NormalizeComponentVersionTask - found 0 unnormalized records on helm components
2026-02-20 13:33:37,820+0000 INFO  [quartz-12-thread-13]  *TASK org.sonatype.nexus.repository.content.tasks.normalize.NormalizeComponentVersionTask - normalizing docker components version
2026-02-20 13:33:37,821+0000 INFO  [quartz-12-thread-13]  *TASK org.sonatype.nexus.repository.content.tasks.normalize.NormalizeComponentVersionTask - found 0 unnormalized records on docker components
2026-02-20 13:33:37,822+0000 INFO  [quartz-12-thread-13]  *TASK org.sonatype.nexus.repository.content.tasks.normalize.NormalizeComponentVersionTask - normalizing yum components version
2026-02-20 13:33:37,823+0000 INFO  [quartz-12-thread-13]  *TASK org.sonatype.nexus.repository.content.tasks.normalize.NormalizeComponentVersionTask - found 0 unnormalized records on yum components
2026-02-20 13:33:37,823+0000 INFO  [quartz-12-thread-13]  *TASK org.sonatype.nexus.repository.content.tasks.normalize.NormalizeComponentVersionTask - normalizing r components version
2026-02-20 13:33:37,825+0000 INFO  [quartz-12-thread-13]  *TASK org.sonatype.nexus.repository.content.tasks.normalize.NormalizeComponentVersionTask - found 0 unnormalized records on r components
2026-02-20 13:33:37,825+0000 INFO  [quartz-12-thread-13]  *TASK org.sonatype.nexus.repository.content.tasks.normalize.NormalizeComponentVersionTask - normalizing pypi components version
2026-02-20 13:33:37,826+0000 INFO  [quartz-12-thread-13]  *TASK org.sonatype.nexus.repository.content.tasks.normalize.NormalizeComponentVersionTask - found 0 unnormalized records on pypi components
2026-02-20 13:33:37,826+0000 INFO  [quartz-12-thread-13]  *TASK org.sonatype.nexus.repository.content.tasks.normalize.NormalizeComponentVersionTask - normalizing conda components version
2026-02-20 13:33:37,827+0000 INFO  [quartz-12-thread-13]  *TASK org.sonatype.nexus.repository.content.tasks.normalize.NormalizeComponentVersionTask - found 0 unnormalized records on conda components
2026-02-20 13:33:37,827+0000 INFO  [quartz-12-thread-13]  *TASK org.sonatype.nexus.repository.content.tasks.normalize.NormalizeComponentVersionTask - normalizing terraform components version
2026-02-20 13:33:37,828+0000 INFO  [quartz-12-thread-13]  *TASK org.sonatype.nexus.repository.content.tasks.normalize.NormalizeComponentVersionTask - found 0 unnormalized records on terraform components
2026-02-20 13:33:37,829+0000 INFO  [quartz-12-thread-13]  *TASK org.sonatype.nexus.repository.content.tasks.normalize.NormalizeComponentVersionTask - normalizing cargo components version
2026-02-20 13:33:37,830+0000 INFO  [quartz-12-thread-13]  *TASK org.sonatype.nexus.repository.content.tasks.normalize.NormalizeComponentVersionTask - found 0 unnormalized records on cargo components
2026-02-20 13:33:37,831+0000 INFO  [quartz-12-thread-13]  *TASK org.sonatype.nexus.repository.content.tasks.normalize.NormalizeComponentVersionTask - normalizing swift components version
2026-02-20 13:33:37,831+0000 INFO  [quartz-12-thread-13]  *TASK org.sonatype.nexus.repository.content.tasks.normalize.NormalizeComponentVersionTask - found 0 unnormalized records on swift components
2026-02-20 13:33:37,832+0000 INFO  [quartz-12-thread-13]  *TASK org.sonatype.nexus.repository.content.tasks.normalize.NormalizeComponentVersionTask - Task complete
