2026-02-20 13:33:37,595+0000 INFO  [quartz-12-thread-4]  *TASK org.sonatype.nexus.repository.content.tasks.CreateComponentIndexTask - Task information:
2026-02-20 13:33:37,597+0000 INFO  [quartz-12-thread-4]  *TASK org.sonatype.nexus.repository.content.tasks.CreateComponentIndexTask -  ID: 31ba2cba-a1b3-4590-b7e0-4af2f747e2ad
2026-02-20 13:33:37,597+0000 INFO  [quartz-12-thread-4]  *TASK org.sonatype.nexus.repository.content.tasks.CreateComponentIndexTask -  Type: create.component.index.task
2026-02-20 13:33:37,597+0000 INFO  [quartz-12-thread-4]  *TASK org.sonatype.nexus.repository.content.tasks.CreateComponentIndexTask -  Name: Repair - Recreate component indexes for performance
2026-02-20 13:33:37,597+0000 INFO  [quartz-12-thread-4]  *TASK org.sonatype.nexus.repository.content.tasks.CreateComponentIndexTask -  Description: Create new indexes for querying the various format component tables by full coordinates
2026-02-20 13:33:37,597+0000 INFO  [quartz-12-thread-4]  *TASK org.sonatype.nexus.repository.content.tasks.CreateComponentIndexTask - Task configuration: {.updated=2026-02-20T13:33:37.588Z, .name=Repair - Recreate component indexes for performance, .recoverable=false, .message=Create new indexes for querying the various format component tables by full coordinates, .id=31ba2cba-a1b3-4590-b7e0-4af2f747e2ad, .typeName=Repair - Recreate component indexes for performance, .visible=false, .typeId=create.component.index.task, .exposed=false, .created=2026-02-20T13:33:37.588Z}
2026-02-20 13:33:37,597+0000 INFO  [quartz-12-thread-4]  *TASK org.sonatype.nexus.repository.content.tasks.CreateComponentIndexService - Recreating component coordinate index for format: apt.  0% done
2026-02-20 13:33:37,598+0000 INFO  [quartz-12-thread-4]  *TASK org.sonatype.nexus.repository.content.tasks.CreateComponentIndexService - Recreating component coordinate index for format: maven2.  5% done
2026-02-20 13:33:37,598+0000 INFO  [quartz-12-thread-4]  *TASK org.sonatype.nexus.repository.content.tasks.CreateComponentIndexService - Recreating component coordinate index for format: raw.  9% done
2026-02-20 13:33:37,598+0000 INFO  [quartz-12-thread-4]  *TASK org.sonatype.nexus.repository.content.tasks.CreateComponentIndexService - Recreating component coordinate index for format: docker.  14% done
2026-02-20 13:33:37,598+0000 INFO  [quartz-12-thread-4]  *TASK org.sonatype.nexus.repository.content.tasks.CreateComponentIndexService - Recreating component coordinate index for format: gitlfs.  18% done
2026-02-20 13:33:37,598+0000 INFO  [quartz-12-thread-4]  *TASK org.sonatype.nexus.repository.content.tasks.CreateComponentIndexService - Recreating component coordinate index for format: rubygems.  23% done
2026-02-20 13:33:37,598+0000 INFO  [quartz-12-thread-4]  *TASK org.sonatype.nexus.repository.content.tasks.CreateComponentIndexService - Recreating component coordinate index for format: yum.  27% done
2026-02-20 13:33:37,598+0000 INFO  [quartz-12-thread-4]  *TASK org.sonatype.nexus.repository.content.tasks.CreateComponentIndexService - Recreating component coordinate index for format: cargo.  32% done
2026-02-20 13:33:37,599+0000 INFO  [quartz-12-thread-4]  *TASK org.sonatype.nexus.repository.content.tasks.CreateComponentIndexService - Recreating component coordinate index for format: cocoapods.  36% done
2026-02-20 13:33:37,601+0000 INFO  [quartz-12-thread-4]  *TASK org.sonatype.nexus.repository.content.tasks.CreateComponentIndexService - Recreating component coordinate index for format: composer.  41% done
2026-02-20 13:33:37,601+0000 INFO  [quartz-12-thread-4]  *TASK org.sonatype.nexus.repository.content.tasks.CreateComponentIndexService - Recreating component coordinate index for format: conan.  45% done
2026-02-20 13:33:37,602+0000 INFO  [quartz-12-thread-4]  *TASK org.sonatype.nexus.repository.content.tasks.CreateComponentIndexService - Recreating component coordinate index for format: conda.  50% done
2026-02-20 13:33:37,602+0000 INFO  [quartz-12-thread-4]  *TASK org.sonatype.nexus.repository.content.tasks.CreateComponentIndexService - Recreating component coordinate index for format: go.  55% done
2026-02-20 13:33:37,602+0000 INFO  [quartz-12-thread-4]  *TASK org.sonatype.nexus.repository.content.tasks.CreateComponentIndexService - Recreating component coordinate index for format: helm.  59% done
2026-02-20 13:33:37,602+0000 INFO  [quartz-12-thread-4]  *TASK org.sonatype.nexus.repository.content.tasks.CreateComponentIndexService - Recreating component coordinate index for format: huggingface.  64% done
2026-02-20 13:33:37,602+0000 INFO  [quartz-12-thread-4]  *TASK org.sonatype.nexus.repository.content.tasks.CreateComponentIndexService - Recreating component coordinate index for format: npm.  68% done
2026-02-20 13:33:37,602+0000 INFO  [quartz-12-thread-4]  *TASK org.sonatype.nexus.repository.content.tasks.CreateComponentIndexService - Recreating component coordinate index for format: nuget.  73% done
2026-02-20 13:33:37,602+0000 INFO  [quartz-12-thread-4]  *TASK org.sonatype.nexus.repository.content.tasks.CreateComponentIndexService - Recreating component coordinate index for format: p2.  77% done
2026-02-20 13:33:37,602+0000 INFO  [quartz-12-thread-4]  *TASK org.sonatype.nexus.repository.content.tasks.CreateComponentIndexService - Recreating component coordinate index for format: pypi.  82% done
2026-02-20 13:33:37,602+0000 INFO  [quartz-12-thread-4]  *TASK org.sonatype.nexus.repository.content.tasks.CreateComponentIndexService - Recreating component coordinate index for format: r.  86% done
2026-02-20 13:33:37,602+0000 INFO  [quartz-12-thread-4]  *TASK org.sonatype.nexus.repository.content.tasks.CreateComponentIndexService - Recreating component coordinate index for format: swift.  91% done
2026-02-20 13:33:37,603+0000 INFO  [quartz-12-thread-4]  *TASK org.sonatype.nexus.repository.content.tasks.CreateComponentIndexService - Recreating component coordinate index for format: terraform.  95% done
2026-02-20 13:33:37,603+0000 INFO  [quartz-12-thread-4]  *TASK org.sonatype.nexus.repository.content.tasks.CreateComponentIndexService - Recreating component coordinate index for all formats.  100% done
2026-02-20 13:33:37,603+0000 INFO  [quartz-12-thread-4]  *TASK org.sonatype.nexus.repository.content.tasks.CreateComponentIndexTask - Task complete
