2026-02-20 13:33:37,624+0000 INFO  [quartz-12-thread-6]  *TASK org.sonatype.nexus.repository.content.tasks.CreateAssetBlobIndexTask - Task information:
2026-02-20 13:33:37,624+0000 INFO  [quartz-12-thread-6]  *TASK org.sonatype.nexus.repository.content.tasks.CreateAssetBlobIndexTask -  ID: bca288a6-c89b-4c63-8fb7-afdbafb83ed4
2026-02-20 13:33:37,625+0000 INFO  [quartz-12-thread-6]  *TASK org.sonatype.nexus.repository.content.tasks.CreateAssetBlobIndexTask -  Type: repository.asset.blob.index.migration
2026-02-20 13:33:37,625+0000 INFO  [quartz-12-thread-6]  *TASK org.sonatype.nexus.repository.content.tasks.CreateAssetBlobIndexTask -  Name: Create asset blob index for blob_created and asset_blob_id
2026-02-20 13:33:37,625+0000 INFO  [quartz-12-thread-6]  *TASK org.sonatype.nexus.repository.content.tasks.CreateAssetBlobIndexTask -  Description: Creating asset blob indexes for blob_created and asset_blob_id
2026-02-20 13:33:37,625+0000 INFO  [quartz-12-thread-6]  *TASK org.sonatype.nexus.repository.content.tasks.CreateAssetBlobIndexTask - Task configuration: {.updated=2026-02-20T13:33:37.617Z, .name=Create asset blob index for blob_created and asset_blob_id, .recoverable=true, .message=Creating asset blob indexes for blob_created and asset_blob_id, .id=bca288a6-c89b-4c63-8fb7-afdbafb83ed4, .typeName=Create asset blob index for blob_created and asset_blob_id, .visible=true, .typeId=repository.asset.blob.index.migration, .exposed=false, .created=2026-02-20T13:33:37.617Z}
2026-02-20 13:33:37,627+0000 INFO  [quartz-12-thread-6]  *TASK org.sonatype.nexus.repository.content.tasks.CreateAssetBlobIndexTask - Created index idx_apt_asset_blob_blob_created_asset_id on table apt_asset_blob
2026-02-20 13:33:37,628+0000 INFO  [quartz-12-thread-6]  *TASK org.sonatype.nexus.repository.content.tasks.CreateAssetBlobIndexTask - Created index idx_maven2_asset_blob_blob_created_asset_id on table maven2_asset_blob
2026-02-20 13:33:37,630+0000 INFO  [quartz-12-thread-6]  *TASK org.sonatype.nexus.repository.content.tasks.CreateAssetBlobIndexTask - Created index idx_raw_asset_blob_blob_created_asset_id on table raw_asset_blob
2026-02-20 13:33:37,631+0000 INFO  [quartz-12-thread-6]  *TASK org.sonatype.nexus.repository.content.tasks.CreateAssetBlobIndexTask - Created index idx_docker_asset_blob_blob_created_asset_id on table docker_asset_blob
2026-02-20 13:33:37,633+0000 INFO  [quartz-12-thread-6]  *TASK org.sonatype.nexus.repository.content.tasks.CreateAssetBlobIndexTask - Created index idx_gitlfs_asset_blob_blob_created_asset_id on table gitlfs_asset_blob
2026-02-20 13:33:37,634+0000 INFO  [quartz-12-thread-6]  *TASK org.sonatype.nexus.repository.content.tasks.CreateAssetBlobIndexTask - Created index idx_rubygems_asset_blob_blob_created_asset_id on table rubygems_asset_blob
2026-02-20 13:33:37,636+0000 INFO  [quartz-12-thread-6]  *TASK org.sonatype.nexus.repository.content.tasks.CreateAssetBlobIndexTask - Created index idx_yum_asset_blob_blob_created_asset_id on table yum_asset_blob
2026-02-20 13:33:37,639+0000 INFO  [quartz-12-thread-6]  *TASK org.sonatype.nexus.repository.content.tasks.CreateAssetBlobIndexTask - Created index idx_cargo_asset_blob_blob_created_asset_id on table cargo_asset_blob
2026-02-20 13:33:37,641+0000 INFO  [quartz-12-thread-6]  *TASK org.sonatype.nexus.repository.content.tasks.CreateAssetBlobIndexTask - Created index idx_cocoapods_asset_blob_blob_created_asset_id on table cocoapods_asset_blob
2026-02-20 13:33:37,643+0000 INFO  [quartz-12-thread-6]  *TASK org.sonatype.nexus.repository.content.tasks.CreateAssetBlobIndexTask - Created index idx_composer_asset_blob_blob_created_asset_id on table composer_asset_blob
2026-02-20 13:33:37,645+0000 INFO  [quartz-12-thread-6]  *TASK org.sonatype.nexus.repository.content.tasks.CreateAssetBlobIndexTask - Created index idx_conan_asset_blob_blob_created_asset_id on table conan_asset_blob
2026-02-20 13:33:37,649+0000 INFO  [quartz-12-thread-6]  *TASK org.sonatype.nexus.repository.content.tasks.CreateAssetBlobIndexTask - Created index idx_conda_asset_blob_blob_created_asset_id on table conda_asset_blob
2026-02-20 13:33:37,653+0000 INFO  [quartz-12-thread-6]  *TASK org.sonatype.nexus.repository.content.tasks.CreateAssetBlobIndexTask - Created index idx_go_asset_blob_blob_created_asset_id on table go_asset_blob
2026-02-20 13:33:37,655+0000 INFO  [quartz-12-thread-6]  *TASK org.sonatype.nexus.repository.content.tasks.CreateAssetBlobIndexTask - Created index idx_helm_asset_blob_blob_created_asset_id on table helm_asset_blob
2026-02-20 13:33:37,657+0000 INFO  [quartz-12-thread-6]  *TASK org.sonatype.nexus.repository.content.tasks.CreateAssetBlobIndexTask - Created index idx_huggingface_asset_blob_blob_created_asset_id on table huggingface_asset_blob
2026-02-20 13:33:37,659+0000 INFO  [quartz-12-thread-6]  *TASK org.sonatype.nexus.repository.content.tasks.CreateAssetBlobIndexTask - Created index idx_npm_asset_blob_blob_created_asset_id on table npm_asset_blob
2026-02-20 13:33:37,661+0000 INFO  [quartz-12-thread-6]  *TASK org.sonatype.nexus.repository.content.tasks.CreateAssetBlobIndexTask - Created index idx_nuget_asset_blob_blob_created_asset_id on table nuget_asset_blob
2026-02-20 13:33:37,664+0000 INFO  [quartz-12-thread-6]  *TASK org.sonatype.nexus.repository.content.tasks.CreateAssetBlobIndexTask - Created index idx_p2_asset_blob_blob_created_asset_id on table p2_asset_blob
2026-02-20 13:33:37,667+0000 INFO  [quartz-12-thread-6]  *TASK org.sonatype.nexus.repository.content.tasks.CreateAssetBlobIndexTask - Created index idx_pypi_asset_blob_blob_created_asset_id on table pypi_asset_blob
2026-02-20 13:33:37,669+0000 INFO  [quartz-12-thread-6]  *TASK org.sonatype.nexus.repository.content.tasks.CreateAssetBlobIndexTask - Created index idx_r_asset_blob_blob_created_asset_id on table r_asset_blob
2026-02-20 13:33:37,672+0000 INFO  [quartz-12-thread-6]  *TASK org.sonatype.nexus.repository.content.tasks.CreateAssetBlobIndexTask - Created index idx_swift_asset_blob_blob_created_asset_id on table swift_asset_blob
2026-02-20 13:33:37,674+0000 INFO  [quartz-12-thread-6]  *TASK org.sonatype.nexus.repository.content.tasks.CreateAssetBlobIndexTask - Created index idx_terraform_asset_blob_blob_created_asset_id on table terraform_asset_blob
2026-02-20 13:33:37,674+0000 INFO  [quartz-12-thread-6]  *TASK org.sonatype.nexus.repository.content.tasks.CreateAssetBlobIndexTask - Created 22 asset blob indexes
2026-02-20 13:33:37,674+0000 INFO  [quartz-12-thread-6]  *TASK org.sonatype.nexus.repository.content.tasks.CreateAssetBlobIndexTask - Task complete
