2026-02-20 13:52:15,697+0000 INFO  [quartz-12-thread-1]  *TASK org.sonatype.nexus.repository.internal.search.index.task.SearchUpdateTask - Task information:
2026-02-20 13:52:15,701+0000 INFO  [quartz-12-thread-1]  *TASK org.sonatype.nexus.repository.internal.search.index.task.SearchUpdateTask -  ID: 08f08191-d435-4cb6-b564-87ccecc53db3
2026-02-20 13:52:15,701+0000 INFO  [quartz-12-thread-1]  *TASK org.sonatype.nexus.repository.internal.search.index.task.SearchUpdateTask -  Type: repository.search.update
2026-02-20 13:52:15,701+0000 INFO  [quartz-12-thread-1]  *TASK org.sonatype.nexus.repository.internal.search.index.task.SearchUpdateTask -  Name: Update repository indexes - (maven-snapshots,maven-central,maven-releases,nuget.org-proxy,nuget-hosted)
2026-02-20 13:52:15,701+0000 INFO  [quartz-12-thread-1]  *TASK org.sonatype.nexus.repository.internal.search.index.task.SearchUpdateTask -  Description: Updating search indexes of maven-snapshots,maven-central,maven-releases,nuget.org-proxy,nuget-hosted
2026-02-20 13:52:15,701+0000 INFO  [quartz-12-thread-1]  *TASK org.sonatype.nexus.repository.internal.search.index.task.SearchUpdateTask - Task configuration: {.updated=2026-02-20T13:52:15.658Z, .name=Update repository indexes - (maven-snapshots,maven-central,maven-releases,nuget.org-proxy,nuget-hosted), .recoverable=false, repositoryNames=maven-snapshots,maven-central,maven-releases,nuget.org-proxy,nuget-hosted, .message=Updating search indexes of maven-snapshots,maven-central,maven-releases,nuget.org-proxy,nuget-hosted, .id=08f08191-d435-4cb6-b564-87ccecc53db3, .typeName=Update repository search indexes, .visible=false, .typeId=repository.search.update, .exposed=false, .created=2026-02-20T13:52:15.658Z}
2026-02-20 13:52:15,705+0000 INFO  [quartz-12-thread-1]  *TASK org.sonatype.nexus.repository.internal.search.index.task.SearchUpdateTask - Updating search index for repo maven-snapshots
2026-02-20 13:52:15,706+0000 INFO  [quartz-12-thread-1]  *TASK org.sonatype.nexus.repository.search.sql.index.SqlSearchFacetImpl - Starting regenerate the search data for the maven2 repository: maven-snapshots
2026-02-20 13:52:15,706+0000 INFO  [quartz-12-thread-1]  *TASK org.sonatype.nexus.repository.search.sql.index.SqlSearchFacetImpl - Processing the maven2 repository: maven-snapshots
2026-02-20 13:52:15,715+0000 INFO  [quartz-12-thread-1]  *TASK org.sonatype.nexus.repository.search.sql.index.SqlSearchFacetImpl - Finish regenerating the search data for the maven2 repository: maven-snapshots
2026-02-20 13:52:15,718+0000 INFO  [quartz-12-thread-1]  *TASK org.sonatype.nexus.repository.internal.search.index.task.SearchUpdateTask - Completed update of search index for repo maven-snapshots
2026-02-20 13:52:15,719+0000 INFO  [quartz-12-thread-1]  *TASK org.sonatype.nexus.repository.internal.search.index.task.SearchUpdateTask - Updating search index for repo maven-central
2026-02-20 13:52:15,720+0000 INFO  [quartz-12-thread-1]  *TASK org.sonatype.nexus.repository.search.sql.index.SqlSearchFacetImpl - Starting regenerate the search data for the maven2 repository: maven-central
2026-02-20 13:52:15,720+0000 INFO  [quartz-12-thread-1]  *TASK org.sonatype.nexus.repository.search.sql.index.SqlSearchFacetImpl - Processing the maven2 repository: maven-central
2026-02-20 13:52:15,722+0000 INFO  [quartz-12-thread-1]  *TASK org.sonatype.nexus.repository.search.sql.index.SqlSearchFacetImpl - Finish regenerating the search data for the maven2 repository: maven-central
2026-02-20 13:52:15,723+0000 INFO  [quartz-12-thread-1]  *TASK org.sonatype.nexus.repository.internal.search.index.task.SearchUpdateTask - Completed update of search index for repo maven-central
2026-02-20 13:52:15,724+0000 INFO  [quartz-12-thread-1]  *TASK org.sonatype.nexus.repository.internal.search.index.task.SearchUpdateTask - Updating search index for repo maven-releases
2026-02-20 13:52:15,725+0000 INFO  [quartz-12-thread-1]  *TASK org.sonatype.nexus.repository.search.sql.index.SqlSearchFacetImpl - Starting regenerate the search data for the maven2 repository: maven-releases
2026-02-20 13:52:15,725+0000 INFO  [quartz-12-thread-1]  *TASK org.sonatype.nexus.repository.search.sql.index.SqlSearchFacetImpl - Processing the maven2 repository: maven-releases
2026-02-20 13:52:15,727+0000 INFO  [quartz-12-thread-1]  *TASK org.sonatype.nexus.repository.search.sql.index.SqlSearchFacetImpl - Finish regenerating the search data for the maven2 repository: maven-releases
2026-02-20 13:52:15,728+0000 INFO  [quartz-12-thread-1]  *TASK org.sonatype.nexus.repository.internal.search.index.task.SearchUpdateTask - Completed update of search index for repo maven-releases
2026-02-20 13:52:15,730+0000 INFO  [quartz-12-thread-1]  *TASK org.sonatype.nexus.repository.internal.search.index.task.SearchUpdateTask - Updating search index for repo nuget.org-proxy
2026-02-20 13:52:15,731+0000 INFO  [quartz-12-thread-1]  *TASK org.sonatype.nexus.repository.search.sql.index.SqlSearchFacetImpl - Starting regenerate the search data for the nuget repository: nuget.org-proxy
2026-02-20 13:52:15,731+0000 INFO  [quartz-12-thread-1]  *TASK org.sonatype.nexus.repository.search.sql.index.SqlSearchFacetImpl - Processing the nuget repository: nuget.org-proxy
2026-02-20 13:52:15,732+0000 INFO  [quartz-12-thread-1]  *TASK org.sonatype.nexus.repository.search.sql.index.SqlSearchFacetImpl - Finish regenerating the search data for the nuget repository: nuget.org-proxy
2026-02-20 13:52:15,734+0000 INFO  [quartz-12-thread-1]  *TASK org.sonatype.nexus.repository.internal.search.index.task.SearchUpdateTask - Completed update of search index for repo nuget.org-proxy
2026-02-20 13:52:15,735+0000 INFO  [quartz-12-thread-1]  *TASK org.sonatype.nexus.repository.internal.search.index.task.SearchUpdateTask - Updating search index for repo nuget-hosted
2026-02-20 13:52:15,736+0000 INFO  [quartz-12-thread-1]  *TASK org.sonatype.nexus.repository.search.sql.index.SqlSearchFacetImpl - Starting regenerate the search data for the nuget repository: nuget-hosted
2026-02-20 13:52:15,737+0000 INFO  [quartz-12-thread-1]  *TASK org.sonatype.nexus.repository.search.sql.index.SqlSearchFacetImpl - Processing the nuget repository: nuget-hosted
2026-02-20 13:52:15,738+0000 INFO  [quartz-12-thread-1]  *TASK org.sonatype.nexus.repository.search.sql.index.SqlSearchFacetImpl - Finish regenerating the search data for the nuget repository: nuget-hosted
2026-02-20 13:52:15,739+0000 INFO  [quartz-12-thread-1]  *TASK org.sonatype.nexus.repository.internal.search.index.task.SearchUpdateTask - Completed update of search index for repo nuget-hosted
2026-02-20 13:52:15,739+0000 INFO  [quartz-12-thread-1]  *TASK org.sonatype.nexus.repository.internal.search.index.task.SearchUpdateTask - Task complete
